<?xml version="1.0" encoding="UTF-8"?>
<!-- Generated by org.testng.reporters.JUnitReportReporter -->
<testsuite name="test.BDPageTest" tests="1" time="0.863" ignored="0" failures="0" timestamp="19 三月 2017 23:59:09 GMT" skipped="0" hostname="doudou-PC" errors="0">
  <testcase name="f" time="0.863" classname="test.BDPageTest"/>
</testsuite> <!-- test.BDPageTest -->
